<?xml version="1.0" encoding="UTF-8"?>
<!-- Generated by org.testng.reporters.JUnitReportReporter -->
<testsuite skipped="0" hostname="LAPTOP-7COG7LUP" name="com.Hackatone.TestClasses.GetBookshelves" tests="1" failures="0" timestamp="01 Nov 2020 12:36:33 GMT" time="29.835" errors="0">
  <testcase name="testOneForBookshelves" time="29.835" classname="com.Hackatone.TestClasses.GetBookshelves"/>
</testsuite> <!-- com.Hackatone.TestClasses.GetBookshelves -->
