<?xml version="1.0" encoding="UTF-8"?>
<!-- Generated by org.testng.reporters.JUnitReportReporter -->
<testsuite skipped="0" hostname="LAPTOP-7COG7LUP" name="com.Hackatone.TestClasses.GetStudyChair" tests="1" failures="0" timestamp="01 Nov 2020 12:36:33 GMT" time="22.173" errors="0">
  <testcase name="testForStudyChairs" time="22.173" classname="com.Hackatone.TestClasses.GetStudyChair"/>
</testsuite> <!-- com.Hackatone.TestClasses.GetStudyChair -->
