<?xml version="1.0" encoding="UTF-8"?>
<!-- Generated by org.testng.reporters.JUnitReportReporter -->
<testsuite skipped="0" hostname="LAPTOP-7COG7LUP" name="com.Hackatone.TestClasses.GetHomeItems" tests="2" failures="1" timestamp="01 Nov 2020 12:36:33 GMT" time="28.976" errors="0">
  <testcase name="getHomeListItems_one" time="15.277" classname="com.Hackatone.TestClasses.GetHomeItems"/>
  <testcase name="getHomeListItems_two" time="13.699" classname="com.Hackatone.TestClasses.GetHomeItems">
    <failure type="java.lang.AssertionError" message="Failing the Testcase, Invalid Locator collection_menu_xpath">
      <![CDATA[java.lang.AssertionError: Failing the Testcase, Invalid Locator collection_menu_xpath
at org.testng.Assert.fail(Assert.java:96)
at com.Hackatone.Base.BaseUI.reportFail(BaseUI.java:343)
at com.Hackatone.Base.BaseUI.getElement(BaseUI.java:285)
at com.Hackatone.Base.BaseUI.elementClick(BaseUI.java:161)
at com.Hackatone.Base.BaseUI.mouseclickAndSelectElements(BaseUI.java:224)
at com.Hackatone.TestClasses.GetHomeItems.getHomeListItems_two(GetHomeItems.java:40)
at sun.reflect.NativeMethodAccessorImpl.invoke0(Native Method)
at sun.reflect.NativeMethodAccessorImpl.invoke(NativeMethodAccessorImpl.java:62)
at sun.reflect.DelegatingMethodAccessorImpl.invoke(DelegatingMethodAccessorImpl.java:43)
at java.lang.reflect.Method.invoke(Method.java:498)
at org.testng.internal.MethodInvocationHelper.invokeMethod(MethodInvocationHelper.java:124)
at org.testng.internal.Invoker.invokeMethod(Invoker.java:583)
at org.testng.internal.Invoker.invokeTestMethod(Invoker.java:719)
at org.testng.internal.Invoker.invokeTestMethods(Invoker.java:989)
at org.testng.internal.TestMethodWorker.invokeTestMethods(TestMethodWorker.java:125)
at org.testng.internal.TestMethodWorker.run(TestMethodWorker.java:109)
at org.testng.TestRunner.privateRun(TestRunner.java:648)
at org.testng.TestRunner.run(TestRunner.java:505)
at org.testng.SuiteRunner.runTest(SuiteRunner.java:455)
at org.testng.SuiteRunner.runSequentially(SuiteRunner.java:450)
at org.testng.SuiteRunner.privateRun(SuiteRunner.java:415)
at org.testng.SuiteRunner.run(SuiteRunner.java:364)
at org.testng.SuiteRunnerWorker.runSuite(SuiteRunnerWorker.java:52)
at org.testng.SuiteRunnerWorker.run(SuiteRunnerWorker.java:84)
at org.testng.TestNG.runSuitesSequentially(TestNG.java:1208)
at org.testng.TestNG.runSuitesLocally(TestNG.java:1137)
at org.testng.TestNG.runSuites(TestNG.java:1049)
at org.testng.TestNG.run(TestNG.java:1017)
at org.apache.maven.surefire.testng.TestNGExecutor.run(TestNGExecutor.java:283)
at org.apache.maven.surefire.testng.TestNGXmlTestSuite.execute(TestNGXmlTestSuite.java:75)
at org.apache.maven.surefire.testng.TestNGProvider.invoke(TestNGProvider.java:120)
at org.apache.maven.surefire.booter.ForkedBooter.invokeProviderInSameClassLoader(ForkedBooter.java:384)
at org.apache.maven.surefire.booter.ForkedBooter.runSuitesInProcess(ForkedBooter.java:345)
at org.apache.maven.surefire.booter.ForkedBooter.execute(ForkedBooter.java:126)
at org.apache.maven.surefire.booter.ForkedBooter.main(ForkedBooter.java:418)
]]>
    </failure>
  </testcase> <!-- getHomeListItems_two -->
</testsuite> <!-- com.Hackatone.TestClasses.GetHomeItems -->
